Using pre-set license
Built from '2020.3/staging' branch; Version is '2020.3.17f1 (a4537701e4ab) revision 10769271'; Using compiler version '192528614'; Build Type 'Release'
OS: 'Windows 10 Home; OS build 19044.1586; Version 2009; 64bit' Language: 'en' Physical Memory: 16273 MB
BatchMode: 1, IsHumanControllingUs: 0, StartBugReporterOnCrash: 0, Is64bit: 1, IsPro: 0

COMMAND LINE ARGUMENTS:
C:\Program Files\Unity\Hub\Editor\2020.3.17f1\Editor\Unity.exe
-adb2
-batchMode
-noUpm
-name
AssetImportWorker0
-projectPath
C:/Users/gabri/Documents/GitHub/Path-Creator/Path Creator Project
-logFile
Logs/AssetImportWorker0.log
-srvPort
56246
Successfully changed project path to: C:/Users/gabri/Documents/GitHub/Path-Creator/Path Creator Project
C:/Users/gabri/Documents/GitHub/Path-Creator/Path Creator Project
Using Asset Import Pipeline V2.
Refreshing native plugins compatible for Editor in 44.24 ms, found 2 plugins.
Preloading 0 native plugins for Editor in 0.00 ms.
Initialize engine version: 2020.3.17f1 (a4537701e4ab)
[Subsystems] Discovering subsystems at path C:/Program Files/Unity/Hub/Editor/2020.3.17f1/Editor/Data/Resources/UnitySubsystems
[Subsystems] Discovering subsystems at path C:/Users/gabri/Documents/GitHub/Path-Creator/Path Creator Project/Assets
GfxDevice: creating device client; threaded=0
Direct3D:
    Version:  Direct3D 11.0 [level 11.1]
    Renderer: NVIDIA GeForce RTX 3090 (ID=0x2204)
    Vendor:   
    VRAM:     24348 MB
    Driver:   30.0.14.7212
Initialize mono
Mono path[0] = 'C:/Program Files/Unity/Hub/Editor/2020.3.17f1/Editor/Data/Managed'
Mono path[1] = 'C:/Program Files/Unity/Hub/Editor/2020.3.17f1/Editor/Data/MonoBleedingEdge/lib/mono/unityjit'
Mono config path = 'C:/Program Files/Unity/Hub/Editor/2020.3.17f1/Editor/Data/MonoBleedingEdge/etc'
Using monoOptions --debugger-agent=transport=dt_socket,embedding=1,server=y,suspend=n,address=127.0.0.1:56828
Begin MonoManager ReloadAssembly
Registering precompiled unity dll's ...
Register platform support module: C:/Program Files/Unity/Hub/Editor/2020.3.17f1/Editor/Data/PlaybackEngines/WindowsStandaloneSupport/UnityEditor.WindowsStandalone.Extensions.dll
Registered in 0.001519 seconds.
Native extension for WindowsStandalone target not found
Refreshing native plugins compatible for Editor in 36.29 ms, found 2 plugins.
Preloading 0 native plugins for Editor in 0.00 ms.
Mono: successfully reloaded assembly
- Completed reload, in  0.804 seconds
Domain Reload Profiling:
	ReloadAssembly (804ms)
		BeginReloadAssembly (40ms)
			ExecutionOrderSort (0ms)
			DisableScriptedObjects (0ms)
			BackupInstance (0ms)
			ReleaseScriptingObjects (0ms)
			CreateAndSetChildDomain (1ms)
		EndReloadAssembly (313ms)
			LoadAssemblies (38ms)
			RebuildTransferFunctionScriptingTraits (0ms)
			SetupTypeCache (110ms)
			ReleaseScriptCaches (0ms)
			RebuildScriptCaches (22ms)
			SetupLoadedEditorAssemblies (129ms)
				LogAssemblyErrors (0ms)
				InitializePlatformSupportModulesInManaged (3ms)
				SetLoadedEditorAssemblies (0ms)
				RefreshPlugins (36ms)
				BeforeProcessingInitializeOnLoad (12ms)
				ProcessInitializeOnLoadAttributes (57ms)
				ProcessInitializeOnLoadMethodAttributes (20ms)
				AfterProcessingInitializeOnLoad (0ms)
				EditorAssembliesLoaded (0ms)
			ExecutionOrderSort2 (0ms)
			AwakeInstancesAfterBackupRestoration (0ms)
Platform modules already initialized, skipping
Registering precompiled user dll's ...
Registered in 0.005455 seconds.
Begin MonoManager ReloadAssembly
Native extension for WindowsStandalone target not found
Refreshing native plugins compatible for Editor in 0.54 ms, found 2 plugins.
Preloading 0 native plugins for Editor in 0.00 ms.
Mono: successfully reloaded assembly
- Completed reload, in  0.907 seconds
Domain Reload Profiling:
	ReloadAssembly (908ms)
		BeginReloadAssembly (107ms)
			ExecutionOrderSort (0ms)
			DisableScriptedObjects (4ms)
			BackupInstance (0ms)
			ReleaseScriptingObjects (0ms)
			CreateAndSetChildDomain (13ms)
		EndReloadAssembly (748ms)
			LoadAssemblies (71ms)
			RebuildTransferFunctionScriptingTraits (0ms)
			SetupTypeCache (221ms)
			ReleaseScriptCaches (0ms)
			RebuildScriptCaches (35ms)
			SetupLoadedEditorAssemblies (348ms)
				LogAssemblyErrors (0ms)
				InitializePlatformSupportModulesInManaged (4ms)
				SetLoadedEditorAssemblies (0ms)
				RefreshPlugins (1ms)
				BeforeProcessingInitializeOnLoad (75ms)
				ProcessInitializeOnLoadAttributes (233ms)
				ProcessInitializeOnLoadMethodAttributes (29ms)
				AfterProcessingInitializeOnLoad (5ms)
				EditorAssembliesLoaded (0ms)
			ExecutionOrderSort2 (0ms)
			AwakeInstancesAfterBackupRestoration (5ms)
Platform modules already initialized, skipping
========================================================================
Worker process is ready to serve import requests
Launched and connected shader compiler UnityShaderCompiler.exe after 0.05 seconds
Refreshing native plugins compatible for Editor in 0.55 ms, found 2 plugins.
Preloading 0 native plugins for Editor in 0.00 ms.
Unloading 2130 Unused Serialized files (Serialized files now loaded: 0)
System memory in use before: 86.1 MB.
System memory in use after: 86.2 MB.

Unloading 62 unused Assets to reduce memory usage. Loaded Objects now: 2530.
Total: 4.731200 ms (FindLiveObjects: 0.207500 ms CreateObjectMapping: 0.088600 ms MarkObjects: 4.359900 ms  DeleteObjects: 0.073900 ms)

AssetImportParameters requested are different than current active one (requested -> active):
  custom:framework-win-MediaFoundation: 216162199b28c13a410421893ffa2e32 -> 
  custom:video-decoder-ogg-theora: a1e56fd34408186e4bbccfd4996cb3dc -> 
  custom:container-muxer-webm: aa71ff27fc2769a1b78a27578f13a17b -> 
  custom:container-demuxer-webm: 4f35f7cbe854078d1ac9338744f61a02 -> 
  custom:container-demuxer-ogg: 62fdf1f143b41e24485cea50d1cbac27 -> 
  custom:video-encoder-webm-vp8: eb34c28f22e8b96e1ab97ce403110664 -> 
  custom:video-decoder-webm-vp8: 9c59270c3fd7afecdb556c50c9e8de78 -> 
  custom:audio-decoder-ogg-vorbis: bf7c407c2cedff20999df2af8eb42d56 -> 
  custom:audio-encoder-webm-vorbis: bf7c407c2cedff20999df2af8eb42d56 -> 
========================================================================
Received Import Request.
  path: Assets/PerformVertexPath.cs
  artifactKey: Guid(7f9b45c3f4c2e6e428b4d74560722497) Importer(815301076,1909f56bfc062723c751e8b465ee728b)
Start importing Assets/PerformVertexPath.cs using Guid(7f9b45c3f4c2e6e428b4d74560722497) Importer(815301076,1909f56bfc062723c751e8b465ee728b)  -> (artifact id: 'deed6e7e90f502bb40b19f72131d916c') in 0.017739 seconds 
  Import took 0.020481 seconds .

========================================================================
Received Import Request.
  Time since last request: 5.070015 seconds.
  path: Assets/PerformRoadMeshCreator.cs
  artifactKey: Guid(01bdd696f47edee46bb65c3a20f2ee57) Importer(815301076,1909f56bfc062723c751e8b465ee728b)
Start importing Assets/PerformRoadMeshCreator.cs using Guid(01bdd696f47edee46bb65c3a20f2ee57) Importer(815301076,1909f56bfc062723c751e8b465ee728b)  -> (artifact id: '9ceef4c4fbea5964074d2fd765df78c5') in 0.007066 seconds 
  Import took 0.011638 seconds .

========================================================================
Received Import Request.
  Time since last request: 1.794074 seconds.
  path: Assets/roadGen.cs
  artifactKey: Guid(a80bc70021dff4d458d411df6ef6db1d) Importer(815301076,1909f56bfc062723c751e8b465ee728b)
Start importing Assets/roadGen.cs using Guid(a80bc70021dff4d458d411df6ef6db1d) Importer(815301076,1909f56bfc062723c751e8b465ee728b)  -> (artifact id: '63b59ddc135cf620a2efd9532c943886') in 0.005101 seconds 
  Import took 0.008915 seconds .

========================================================================
Received Import Request.
  Time since last request: 0.001132 seconds.
  path: Assets/roadGen.cs
  artifactKey: Guid(a80bc70021dff4d458d411df6ef6db1d) Importer(815301076,1909f56bfc062723c751e8b465ee728b)
Start importing Assets/roadGen.cs using Guid(a80bc70021dff4d458d411df6ef6db1d) Importer(815301076,1909f56bfc062723c751e8b465ee728b)  -> (artifact id: '63b59ddc135cf620a2efd9532c943886') in 0.001458 seconds 
  Import took 0.005333 seconds .

========================================================================
Received Import Request.
  Time since last request: 12.008890 seconds.
  path: Assets/roadGen.cs
  artifactKey: Guid(a80bc70021dff4d458d411df6ef6db1d) Importer(815301076,1909f56bfc062723c751e8b465ee728b)
Start importing Assets/roadGen.cs using Guid(a80bc70021dff4d458d411df6ef6db1d) Importer(815301076,1909f56bfc062723c751e8b465ee728b)  -> (artifact id: '5da6896c83d9ea700ade32d7a56a5d0a') in 0.001563 seconds 
  Import took 0.004144 seconds .

========================================================================
Received Prepare
Registering precompiled user dll's ...
Registered in 0.005254 seconds.
Begin MonoManager ReloadAssembly
Native extension for WindowsStandalone target not found
Refreshing native plugins compatible for Editor in 0.55 ms, found 2 plugins.
Preloading 0 native plugins for Editor in 0.00 ms.
Mono: successfully reloaded assembly
- Completed reload, in  0.830 seconds
Domain Reload Profiling:
	ReloadAssembly (831ms)
		BeginReloadAssembly (97ms)
			ExecutionOrderSort (0ms)
			DisableScriptedObjects (4ms)
			BackupInstance (0ms)
			ReleaseScriptingObjects (0ms)
			CreateAndSetChildDomain (26ms)
		EndReloadAssembly (687ms)
			LoadAssemblies (69ms)
			RebuildTransferFunctionScriptingTraits (0ms)
			SetupTypeCache (206ms)
			ReleaseScriptCaches (1ms)
			RebuildScriptCaches (28ms)
			SetupLoadedEditorAssemblies (308ms)
				LogAssemblyErrors (0ms)
				InitializePlatformSupportModulesInManaged (4ms)
				SetLoadedEditorAssemblies (0ms)
				RefreshPlugins (1ms)
				BeforeProcessingInitializeOnLoad (63ms)
				ProcessInitializeOnLoadAttributes (208ms)
				ProcessInitializeOnLoadMethodAttributes (26ms)
				AfterProcessingInitializeOnLoad (5ms)
				EditorAssembliesLoaded (0ms)
			ExecutionOrderSort2 (0ms)
			AwakeInstancesAfterBackupRestoration (5ms)
Platform modules already initialized, skipping
Refreshing native plugins compatible for Editor in 0.53 ms, found 2 plugins.
Preloading 0 native plugins for Editor in 0.00 ms.
Unloading 2124 Unused Serialized files (Serialized files now loaded: 0)
System memory in use before: 86.0 MB.
System memory in use after: 86.1 MB.

Unloading 53 unused Assets to reduce memory usage. Loaded Objects now: 2532.
Total: 4.209200 ms (FindLiveObjects: 0.155700 ms CreateObjectMapping: 0.067700 ms MarkObjects: 3.965500 ms  DeleteObjects: 0.019700 ms)

AssetImportParameters requested are different than current active one (requested -> active):
  custom:framework-win-MediaFoundation: 216162199b28c13a410421893ffa2e32 -> 
  custom:video-decoder-ogg-theora: a1e56fd34408186e4bbccfd4996cb3dc -> 
  custom:container-muxer-webm: aa71ff27fc2769a1b78a27578f13a17b -> 
  custom:container-demuxer-webm: 4f35f7cbe854078d1ac9338744f61a02 -> 
  custom:container-demuxer-ogg: 62fdf1f143b41e24485cea50d1cbac27 -> 
  custom:video-encoder-webm-vp8: eb34c28f22e8b96e1ab97ce403110664 -> 
  custom:video-decoder-webm-vp8: 9c59270c3fd7afecdb556c50c9e8de78 -> 
  custom:audio-decoder-ogg-vorbis: bf7c407c2cedff20999df2af8eb42d56 -> 
  custom:audio-encoder-webm-vorbis: bf7c407c2cedff20999df2af8eb42d56 -> 
========================================================================
Received Import Request.
  Time since last request: 18.158768 seconds.
  path: Assets/roadGen.cs
  artifactKey: Guid(a80bc70021dff4d458d411df6ef6db1d) Importer(815301076,1909f56bfc062723c751e8b465ee728b)
Start importing Assets/roadGen.cs using Guid(a80bc70021dff4d458d411df6ef6db1d) Importer(815301076,1909f56bfc062723c751e8b465ee728b)  -> (artifact id: '311d5267817bbb410ad511c8aa325ed3') in 0.004113 seconds 
  Import took 0.006959 seconds .

========================================================================
Received Import Request.
  Time since last request: 0.000430 seconds.
  path: Assets/roadGen.cs
  artifactKey: Guid(a80bc70021dff4d458d411df6ef6db1d) Importer(815301076,1909f56bfc062723c751e8b465ee728b)
Start importing Assets/roadGen.cs using Guid(a80bc70021dff4d458d411df6ef6db1d) Importer(815301076,1909f56bfc062723c751e8b465ee728b)  -> (artifact id: '311d5267817bbb410ad511c8aa325ed3') in 0.001486 seconds 
  Import took 0.003774 seconds .

========================================================================
Received Prepare
Registering precompiled user dll's ...
Registered in 0.005008 seconds.
Begin MonoManager ReloadAssembly
Native extension for WindowsStandalone target not found
Refreshing native plugins compatible for Editor in 0.55 ms, found 2 plugins.
Preloading 0 native plugins for Editor in 0.00 ms.
Mono: successfully reloaded assembly
- Completed reload, in  0.829 seconds
Domain Reload Profiling:
	ReloadAssembly (829ms)
		BeginReloadAssembly (91ms)
			ExecutionOrderSort (0ms)
			DisableScriptedObjects (4ms)
			BackupInstance (0ms)
			ReleaseScriptingObjects (0ms)
			CreateAndSetChildDomain (25ms)
		EndReloadAssembly (691ms)
			LoadAssemblies (68ms)
			RebuildTransferFunctionScriptingTraits (0ms)
			SetupTypeCache (204ms)
			ReleaseScriptCaches (1ms)
			RebuildScriptCaches (29ms)
			SetupLoadedEditorAssemblies (313ms)
				LogAssemblyErrors (0ms)
				InitializePlatformSupportModulesInManaged (4ms)
				SetLoadedEditorAssemblies (0ms)
				RefreshPlugins (1ms)
				BeforeProcessingInitializeOnLoad (64ms)
				ProcessInitializeOnLoadAttributes (212ms)
				ProcessInitializeOnLoadMethodAttributes (26ms)
				AfterProcessingInitializeOnLoad (5ms)
				EditorAssembliesLoaded (0ms)
			ExecutionOrderSort2 (0ms)
			AwakeInstancesAfterBackupRestoration (5ms)
Platform modules already initialized, skipping
Refreshing native plugins compatible for Editor in 0.55 ms, found 2 plugins.
Preloading 0 native plugins for Editor in 0.00 ms.
Unloading 2124 Unused Serialized files (Serialized files now loaded: 0)
System memory in use before: 86.0 MB.
System memory in use after: 86.2 MB.

Unloading 53 unused Assets to reduce memory usage. Loaded Objects now: 2534.
Total: 4.368800 ms (FindLiveObjects: 0.154600 ms CreateObjectMapping: 0.060900 ms MarkObjects: 4.134000 ms  DeleteObjects: 0.018700 ms)

AssetImportParameters requested are different than current active one (requested -> active):
  custom:framework-win-MediaFoundation: 216162199b28c13a410421893ffa2e32 -> 
  custom:video-decoder-ogg-theora: a1e56fd34408186e4bbccfd4996cb3dc -> 
  custom:container-muxer-webm: aa71ff27fc2769a1b78a27578f13a17b -> 
  custom:container-demuxer-webm: 4f35f7cbe854078d1ac9338744f61a02 -> 
  custom:container-demuxer-ogg: 62fdf1f143b41e24485cea50d1cbac27 -> 
  custom:video-encoder-webm-vp8: eb34c28f22e8b96e1ab97ce403110664 -> 
  custom:video-decoder-webm-vp8: 9c59270c3fd7afecdb556c50c9e8de78 -> 
  custom:audio-decoder-ogg-vorbis: bf7c407c2cedff20999df2af8eb42d56 -> 
  custom:audio-encoder-webm-vorbis: bf7c407c2cedff20999df2af8eb42d56 -> 
========================================================================
Received Import Request.
  Time since last request: 30.281243 seconds.
  path: Assets/roadGen.cs
  artifactKey: Guid(a80bc70021dff4d458d411df6ef6db1d) Importer(815301076,1909f56bfc062723c751e8b465ee728b)
Start importing Assets/roadGen.cs using Guid(a80bc70021dff4d458d411df6ef6db1d) Importer(815301076,1909f56bfc062723c751e8b465ee728b)  -> (artifact id: '6ab8cfad4361a6ae5b1a7e32e82f4a8f') in 0.003904 seconds 
  Import took 0.006690 seconds .

========================================================================
Received Prepare
Registering precompiled user dll's ...
Registered in 0.005087 seconds.
Begin MonoManager ReloadAssembly
Native extension for WindowsStandalone target not found
Refreshing native plugins compatible for Editor in 0.55 ms, found 2 plugins.
Preloading 0 native plugins for Editor in 0.00 ms.
Mono: successfully reloaded assembly
- Completed reload, in  0.833 seconds
Domain Reload Profiling:
	ReloadAssembly (833ms)
		BeginReloadAssembly (94ms)
			ExecutionOrderSort (0ms)
			DisableScriptedObjects (5ms)
			BackupInstance (0ms)
			ReleaseScriptingObjects (0ms)
			CreateAndSetChildDomain (26ms)
		EndReloadAssembly (691ms)
			LoadAssemblies (71ms)
			RebuildTransferFunctionScriptingTraits (0ms)
			SetupTypeCache (203ms)
			ReleaseScriptCaches (1ms)
			RebuildScriptCaches (29ms)
			SetupLoadedEditorAssemblies (311ms)
				LogAssemblyErrors (0ms)
				InitializePlatformSupportModulesInManaged (4ms)
				SetLoadedEditorAssemblies (0ms)
				RefreshPlugins (1ms)
				BeforeProcessingInitializeOnLoad (64ms)
				ProcessInitializeOnLoadAttributes (211ms)
				ProcessInitializeOnLoadMethodAttributes (26ms)
				AfterProcessingInitializeOnLoad (5ms)
				EditorAssembliesLoaded (0ms)
			ExecutionOrderSort2 (0ms)
			AwakeInstancesAfterBackupRestoration (5ms)
Platform modules already initialized, skipping
Refreshing native plugins compatible for Editor in 0.55 ms, found 2 plugins.
Preloading 0 native plugins for Editor in 0.00 ms.
Unloading 2124 Unused Serialized files (Serialized files now loaded: 0)
System memory in use before: 86.1 MB.
System memory in use after: 86.2 MB.

Unloading 53 unused Assets to reduce memory usage. Loaded Objects now: 2536.
Total: 4.271500 ms (FindLiveObjects: 0.155500 ms CreateObjectMapping: 0.064400 ms MarkObjects: 4.033000 ms  DeleteObjects: 0.018000 ms)

AssetImportParameters requested are different than current active one (requested -> active):
  custom:framework-win-MediaFoundation: 216162199b28c13a410421893ffa2e32 -> 
  custom:video-decoder-ogg-theora: a1e56fd34408186e4bbccfd4996cb3dc -> 
  custom:container-muxer-webm: aa71ff27fc2769a1b78a27578f13a17b -> 
  custom:container-demuxer-webm: 4f35f7cbe854078d1ac9338744f61a02 -> 
  custom:container-demuxer-ogg: 62fdf1f143b41e24485cea50d1cbac27 -> 
  custom:video-encoder-webm-vp8: eb34c28f22e8b96e1ab97ce403110664 -> 
  custom:video-decoder-webm-vp8: 9c59270c3fd7afecdb556c50c9e8de78 -> 
  custom:audio-decoder-ogg-vorbis: bf7c407c2cedff20999df2af8eb42d56 -> 
  custom:audio-encoder-webm-vorbis: bf7c407c2cedff20999df2af8eb42d56 -> 
========================================================================
Received Import Request.
  Time since last request: 20.668725 seconds.
  path: Assets/roadGen.cs
  artifactKey: Guid(a80bc70021dff4d458d411df6ef6db1d) Importer(815301076,1909f56bfc062723c751e8b465ee728b)
Start importing Assets/roadGen.cs using Guid(a80bc70021dff4d458d411df6ef6db1d) Importer(815301076,1909f56bfc062723c751e8b465ee728b)  -> (artifact id: '8570e53194ba7eb62ce13e9be414a131') in 0.004017 seconds 
  Import took 0.006880 seconds .

========================================================================
Received Import Request.
  Time since last request: 21.897257 seconds.
  path: Assets/roadGen.cs
  artifactKey: Guid(a80bc70021dff4d458d411df6ef6db1d) Importer(815301076,1909f56bfc062723c751e8b465ee728b)
Start importing Assets/roadGen.cs using Guid(a80bc70021dff4d458d411df6ef6db1d) Importer(815301076,1909f56bfc062723c751e8b465ee728b)  -> (artifact id: '558b8396d03f73bd37eb5b5738d95e47') in 0.001738 seconds 
  Import took 0.004634 seconds .

========================================================================
Received Prepare
Registering precompiled user dll's ...
Registered in 0.005095 seconds.
Begin MonoManager ReloadAssembly
Native extension for WindowsStandalone target not found
Refreshing native plugins compatible for Editor in 0.62 ms, found 2 plugins.
Preloading 0 native plugins for Editor in 0.00 ms.
Mono: successfully reloaded assembly
- Completed reload, in  0.837 seconds
Domain Reload Profiling:
	ReloadAssembly (837ms)
		BeginReloadAssembly (94ms)
			ExecutionOrderSort (0ms)
			DisableScriptedObjects (4ms)
			BackupInstance (0ms)
			ReleaseScriptingObjects (0ms)
			CreateAndSetChildDomain (24ms)
		EndReloadAssembly (695ms)
			LoadAssemblies (70ms)
			RebuildTransferFunctionScriptingTraits (0ms)
			SetupTypeCache (205ms)
			ReleaseScriptCaches (1ms)
			RebuildScriptCaches (29ms)
			SetupLoadedEditorAssemblies (315ms)
				LogAssemblyErrors (0ms)
				InitializePlatformSupportModulesInManaged (4ms)
				SetLoadedEditorAssemblies (0ms)
				RefreshPlugins (1ms)
				BeforeProcessingInitializeOnLoad (64ms)
				ProcessInitializeOnLoadAttributes (213ms)
				ProcessInitializeOnLoadMethodAttributes (27ms)
				AfterProcessingInitializeOnLoad (5ms)
				EditorAssembliesLoaded (0ms)
			ExecutionOrderSort2 (0ms)
			AwakeInstancesAfterBackupRestoration (5ms)
Platform modules already initialized, skipping
Refreshing native plugins compatible for Editor in 0.59 ms, found 2 plugins.
Preloading 0 native plugins for Editor in 0.00 ms.
Unloading 2124 Unused Serialized files (Serialized files now loaded: 0)
System memory in use before: 86.1 MB.
System memory in use after: 86.2 MB.

Unloading 53 unused Assets to reduce memory usage. Loaded Objects now: 2538.
Total: 4.325200 ms (FindLiveObjects: 0.158500 ms CreateObjectMapping: 0.068200 ms MarkObjects: 4.079500 ms  DeleteObjects: 0.018300 ms)

AssetImportParameters requested are different than current active one (requested -> active):
  custom:framework-win-MediaFoundation: 216162199b28c13a410421893ffa2e32 -> 
  custom:video-decoder-ogg-theora: a1e56fd34408186e4bbccfd4996cb3dc -> 
  custom:container-muxer-webm: aa71ff27fc2769a1b78a27578f13a17b -> 
  custom:container-demuxer-webm: 4f35f7cbe854078d1ac9338744f61a02 -> 
  custom:container-demuxer-ogg: 62fdf1f143b41e24485cea50d1cbac27 -> 
  custom:video-encoder-webm-vp8: eb34c28f22e8b96e1ab97ce403110664 -> 
  custom:video-decoder-webm-vp8: 9c59270c3fd7afecdb556c50c9e8de78 -> 
  custom:audio-decoder-ogg-vorbis: bf7c407c2cedff20999df2af8eb42d56 -> 
  custom:audio-encoder-webm-vorbis: bf7c407c2cedff20999df2af8eb42d56 -> 
========================================================================
Received Import Request.
  Time since last request: 3.475037 seconds.
  path: Assets/roadGen.cs
  artifactKey: Guid(a80bc70021dff4d458d411df6ef6db1d) Importer(815301076,1909f56bfc062723c751e8b465ee728b)
Start importing Assets/roadGen.cs using Guid(a80bc70021dff4d458d411df6ef6db1d) Importer(815301076,1909f56bfc062723c751e8b465ee728b)  -> (artifact id: '468a2b7405c35819a1bfdf1316235fb8') in 0.004222 seconds 
  Import took 0.006974 seconds .

========================================================================
Received Prepare
Registering precompiled user dll's ...
Registered in 0.005004 seconds.
Begin MonoManager ReloadAssembly
Native extension for WindowsStandalone target not found
Refreshing native plugins compatible for Editor in 0.54 ms, found 2 plugins.
Preloading 0 native plugins for Editor in 0.00 ms.
Mono: successfully reloaded assembly
- Completed reload, in  0.822 seconds
Domain Reload Profiling:
	ReloadAssembly (822ms)
		BeginReloadAssembly (90ms)
			ExecutionOrderSort (0ms)
			DisableScriptedObjects (4ms)
			BackupInstance (0ms)
			ReleaseScriptingObjects (0ms)
			CreateAndSetChildDomain (24ms)
		EndReloadAssembly (685ms)
			LoadAssemblies (69ms)
			RebuildTransferFunctionScriptingTraits (0ms)
			SetupTypeCache (203ms)
			ReleaseScriptCaches (1ms)
			RebuildScriptCaches (28ms)
			SetupLoadedEditorAssemblies (310ms)
				LogAssemblyErrors (0ms)
				InitializePlatformSupportModulesInManaged (4ms)
				SetLoadedEditorAssemblies (0ms)
				RefreshPlugins (1ms)
				BeforeProcessingInitializeOnLoad (64ms)
				ProcessInitializeOnLoadAttributes (210ms)
				ProcessInitializeOnLoadMethodAttributes (26ms)
				AfterProcessingInitializeOnLoad (5ms)
				EditorAssembliesLoaded (0ms)
			ExecutionOrderSort2 (0ms)
			AwakeInstancesAfterBackupRestoration (5ms)
Platform modules already initialized, skipping
Refreshing native plugins compatible for Editor in 0.55 ms, found 2 plugins.
Preloading 0 native plugins for Editor in 0.00 ms.
Unloading 2124 Unused Serialized files (Serialized files now loaded: 0)
System memory in use before: 86.1 MB.
System memory in use after: 86.2 MB.

Unloading 53 unused Assets to reduce memory usage. Loaded Objects now: 2540.
Total: 4.322900 ms (FindLiveObjects: 0.153100 ms CreateObjectMapping: 0.067200 ms MarkObjects: 4.083700 ms  DeleteObjects: 0.018300 ms)

AssetImportParameters requested are different than current active one (requested -> active):
  custom:framework-win-MediaFoundation: 216162199b28c13a410421893ffa2e32 -> 
  custom:video-decoder-ogg-theora: a1e56fd34408186e4bbccfd4996cb3dc -> 
  custom:container-muxer-webm: aa71ff27fc2769a1b78a27578f13a17b -> 
  custom:container-demuxer-webm: 4f35f7cbe854078d1ac9338744f61a02 -> 
  custom:container-demuxer-ogg: 62fdf1f143b41e24485cea50d1cbac27 -> 
  custom:video-encoder-webm-vp8: eb34c28f22e8b96e1ab97ce403110664 -> 
  custom:video-decoder-webm-vp8: 9c59270c3fd7afecdb556c50c9e8de78 -> 
  custom:audio-decoder-ogg-vorbis: bf7c407c2cedff20999df2af8eb42d56 -> 
  custom:audio-encoder-webm-vorbis: bf7c407c2cedff20999df2af8eb42d56 -> 
========================================================================
Received Import Request.
  Time since last request: 14.673923 seconds.
  path: Assets/roadGen.cs
  artifactKey: Guid(a80bc70021dff4d458d411df6ef6db1d) Importer(815301076,1909f56bfc062723c751e8b465ee728b)
Start importing Assets/roadGen.cs using Guid(a80bc70021dff4d458d411df6ef6db1d) Importer(815301076,1909f56bfc062723c751e8b465ee728b)  -> (artifact id: '6e189913ac8e895d6ba45d12974320d0') in 0.004181 seconds 
  Import took 0.007041 seconds .

========================================================================
Received Import Request.
  Time since last request: 7.431345 seconds.
  path: Assets/roadGen.cs
  artifactKey: Guid(a80bc70021dff4d458d411df6ef6db1d) Importer(815301076,1909f56bfc062723c751e8b465ee728b)
Start importing Assets/roadGen.cs using Guid(a80bc70021dff4d458d411df6ef6db1d) Importer(815301076,1909f56bfc062723c751e8b465ee728b)  -> (artifact id: '635fa0311c2d852003c6128db51d629e') in 0.001843 seconds 
  Import took 0.004517 seconds .

========================================================================
Received Import Request.
  Time since last request: 17.249146 seconds.
  path: Assets/roadGen.cs
  artifactKey: Guid(a80bc70021dff4d458d411df6ef6db1d) Importer(815301076,1909f56bfc062723c751e8b465ee728b)
Start importing Assets/roadGen.cs using Guid(a80bc70021dff4d458d411df6ef6db1d) Importer(815301076,1909f56bfc062723c751e8b465ee728b)  -> (artifact id: 'af247973c4173f98b2bc744fe71e04f2') in 0.001859 seconds 
  Import took 0.004391 seconds .

========================================================================
Received Import Request.
  Time since last request: 0.016297 seconds.
  path: Assets/roadGen.cs
  artifactKey: Guid(a80bc70021dff4d458d411df6ef6db1d) Importer(815301076,1909f56bfc062723c751e8b465ee728b)
Start importing Assets/roadGen.cs using Guid(a80bc70021dff4d458d411df6ef6db1d) Importer(815301076,1909f56bfc062723c751e8b465ee728b)  -> (artifact id: 'af247973c4173f98b2bc744fe71e04f2') in 0.001875 seconds 
  Import took 0.004449 seconds .

========================================================================
Received Import Request.
  Time since last request: 19.213174 seconds.
  path: Assets/roadGen.cs
  artifactKey: Guid(a80bc70021dff4d458d411df6ef6db1d) Importer(815301076,1909f56bfc062723c751e8b465ee728b)
Start importing Assets/roadGen.cs using Guid(a80bc70021dff4d458d411df6ef6db1d) Importer(815301076,1909f56bfc062723c751e8b465ee728b)  -> (artifact id: '9c8d5b7ae373167d1d44ac7ba4eed7a1') in 0.001699 seconds 
  Import took 0.004742 seconds .

========================================================================
Received Import Request.
  Time since last request: 7.844164 seconds.
  path: Assets/roadGen.cs
  artifactKey: Guid(a80bc70021dff4d458d411df6ef6db1d) Importer(815301076,1909f56bfc062723c751e8b465ee728b)
Start importing Assets/roadGen.cs using Guid(a80bc70021dff4d458d411df6ef6db1d) Importer(815301076,1909f56bfc062723c751e8b465ee728b)  -> (artifact id: 'b4d8a091ab76163c657c5175768baf48') in 0.001483 seconds 
  Import took 0.004160 seconds .

========================================================================
Received Import Request.
  Time since last request: 0.001935 seconds.
  path: Assets/roadGen.cs
  artifactKey: Guid(a80bc70021dff4d458d411df6ef6db1d) Importer(815301076,1909f56bfc062723c751e8b465ee728b)
Start importing Assets/roadGen.cs using Guid(a80bc70021dff4d458d411df6ef6db1d) Importer(815301076,1909f56bfc062723c751e8b465ee728b)  -> (artifact id: 'b4d8a091ab76163c657c5175768baf48') in 0.001459 seconds 
  Import took 0.003697 seconds .

========================================================================
Received Import Request.
  Time since last request: 3.181513 seconds.
  path: Assets/roadGen.cs
  artifactKey: Guid(a80bc70021dff4d458d411df6ef6db1d) Importer(815301076,1909f56bfc062723c751e8b465ee728b)
Start importing Assets/roadGen.cs using Guid(a80bc70021dff4d458d411df6ef6db1d) Importer(815301076,1909f56bfc062723c751e8b465ee728b)  -> (artifact id: '1e49208770b8307f8fe74f7dc67b1fcc') in 0.001815 seconds 
  Import took 0.004623 seconds .

========================================================================
Received Import Request.
  Time since last request: 13.651365 seconds.
  path: Assets/roadGen.cs
  artifactKey: Guid(a80bc70021dff4d458d411df6ef6db1d) Importer(815301076,1909f56bfc062723c751e8b465ee728b)
Start importing Assets/roadGen.cs using Guid(a80bc70021dff4d458d411df6ef6db1d) Importer(815301076,1909f56bfc062723c751e8b465ee728b)  -> (artifact id: '0312c3728f91ee8a94e509afbc95a6e1') in 0.001640 seconds 
  Import took 0.004205 seconds .

========================================================================
Received Import Request.
  Time since last request: 8.838939 seconds.
  path: Assets/roadGen.cs
  artifactKey: Guid(a80bc70021dff4d458d411df6ef6db1d) Importer(815301076,1909f56bfc062723c751e8b465ee728b)
Start importing Assets/roadGen.cs using Guid(a80bc70021dff4d458d411df6ef6db1d) Importer(815301076,1909f56bfc062723c751e8b465ee728b)  -> (artifact id: '0b2f3ec5b1bbaf8291ab512996f03bba') in 0.001504 seconds 
  Import took 0.004019 seconds .

========================================================================
Received Import Request.
  Time since last request: 0.024066 seconds.
  path: Assets/roadGen.cs
  artifactKey: Guid(a80bc70021dff4d458d411df6ef6db1d) Importer(815301076,1909f56bfc062723c751e8b465ee728b)
Start importing Assets/roadGen.cs using Guid(a80bc70021dff4d458d411df6ef6db1d) Importer(815301076,1909f56bfc062723c751e8b465ee728b)  -> (artifact id: '0b2f3ec5b1bbaf8291ab512996f03bba') in 0.001656 seconds 
  Import took 0.004257 seconds .

========================================================================
Received Import Request.
  Time since last request: 6.581850 seconds.
  path: Assets/roadGen.cs
  artifactKey: Guid(a80bc70021dff4d458d411df6ef6db1d) Importer(815301076,1909f56bfc062723c751e8b465ee728b)
Start importing Assets/roadGen.cs using Guid(a80bc70021dff4d458d411df6ef6db1d) Importer(815301076,1909f56bfc062723c751e8b465ee728b)  -> (artifact id: 'efb5221c99bdba17fa4c48dd736efd8f') in 0.001579 seconds 
  Import took 0.004386 seconds .

========================================================================
Received Import Request.
  Time since last request: 0.015976 seconds.
  path: Assets/roadGen.cs
  artifactKey: Guid(a80bc70021dff4d458d411df6ef6db1d) Importer(815301076,1909f56bfc062723c751e8b465ee728b)
Start importing Assets/roadGen.cs using Guid(a80bc70021dff4d458d411df6ef6db1d) Importer(815301076,1909f56bfc062723c751e8b465ee728b)  -> (artifact id: 'efb5221c99bdba17fa4c48dd736efd8f') in 0.001562 seconds 
  Import took 0.004229 seconds .

========================================================================
Received Import Request.
  Time since last request: 18.074803 seconds.
  path: Assets/roadGen.cs
  artifactKey: Guid(a80bc70021dff4d458d411df6ef6db1d) Importer(815301076,1909f56bfc062723c751e8b465ee728b)
Start importing Assets/roadGen.cs using Guid(a80bc70021dff4d458d411df6ef6db1d) Importer(815301076,1909f56bfc062723c751e8b465ee728b)  -> (artifact id: '72a98d77ecce00375eae65ae531d38c1') in 0.001574 seconds 
  Import took 0.004316 seconds .

========================================================================
Received Import Request.
  Time since last request: 7.926429 seconds.
  path: Assets/roadGen.cs
  artifactKey: Guid(a80bc70021dff4d458d411df6ef6db1d) Importer(815301076,1909f56bfc062723c751e8b465ee728b)
Start importing Assets/roadGen.cs using Guid(a80bc70021dff4d458d411df6ef6db1d) Importer(815301076,1909f56bfc062723c751e8b465ee728b)  -> (artifact id: 'b616ce0f8fb690eeee13a27f4fde4516') in 0.001504 seconds 
  Import took 0.004168 seconds .

========================================================================
Received Import Request.
  Time since last request: 5.137002 seconds.
  path: Assets/roadGen.cs
  artifactKey: Guid(a80bc70021dff4d458d411df6ef6db1d) Importer(815301076,1909f56bfc062723c751e8b465ee728b)
Start importing Assets/roadGen.cs using Guid(a80bc70021dff4d458d411df6ef6db1d) Importer(815301076,1909f56bfc062723c751e8b465ee728b)  -> (artifact id: 'cb8290b9c8e0c815b1cbe52a2e49b7a2') in 0.001584 seconds 
  Import took 0.004375 seconds .

========================================================================
Received Import Request.
  Time since last request: 3.754368 seconds.
  path: Assets/roadGen.cs
  artifactKey: Guid(a80bc70021dff4d458d411df6ef6db1d) Importer(815301076,1909f56bfc062723c751e8b465ee728b)
Start importing Assets/roadGen.cs using Guid(a80bc70021dff4d458d411df6ef6db1d) Importer(815301076,1909f56bfc062723c751e8b465ee728b)  -> (artifact id: 'd4b94c781d52e846009bcf8128487cd9') in 0.001460 seconds 
  Import took 0.004386 seconds .

========================================================================
Received Import Request.
  Time since last request: 7.915587 seconds.
  path: Assets/roadGen.cs
  artifactKey: Guid(a80bc70021dff4d458d411df6ef6db1d) Importer(815301076,1909f56bfc062723c751e8b465ee728b)
Start importing Assets/roadGen.cs using Guid(a80bc70021dff4d458d411df6ef6db1d) Importer(815301076,1909f56bfc062723c751e8b465ee728b)  -> (artifact id: '44016e3e5e4fe8a6cd3e9d7a92b52a4c') in 0.001928 seconds 
  Import took 0.004614 seconds .

========================================================================
Received Import Request.
  Time since last request: 59.663089 seconds.
  path: Assets/roadGen.cs
  artifactKey: Guid(a80bc70021dff4d458d411df6ef6db1d) Importer(815301076,1909f56bfc062723c751e8b465ee728b)
Start importing Assets/roadGen.cs using Guid(a80bc70021dff4d458d411df6ef6db1d) Importer(815301076,1909f56bfc062723c751e8b465ee728b)  -> (artifact id: '26ffbf490672538d17c799182ff5ae7f') in 0.001538 seconds 
  Import took 0.004163 seconds .

========================================================================
Received Import Request.
  Time since last request: 9.099216 seconds.
  path: Assets/roadGen.cs
  artifactKey: Guid(a80bc70021dff4d458d411df6ef6db1d) Importer(815301076,1909f56bfc062723c751e8b465ee728b)
Start importing Assets/roadGen.cs using Guid(a80bc70021dff4d458d411df6ef6db1d) Importer(815301076,1909f56bfc062723c751e8b465ee728b)  -> (artifact id: 'c3eb0601feff71c6a0ab89ec0db99542') in 0.001844 seconds 
  Import took 0.004717 seconds .

========================================================================
Received Import Request.
  Time since last request: 6.243714 seconds.
  path: Assets/roadGen.cs
  artifactKey: Guid(a80bc70021dff4d458d411df6ef6db1d) Importer(815301076,1909f56bfc062723c751e8b465ee728b)
Start importing Assets/roadGen.cs using Guid(a80bc70021dff4d458d411df6ef6db1d) Importer(815301076,1909f56bfc062723c751e8b465ee728b)  -> (artifact id: '3b962ea29d3d9045a108ef08b6086dce') in 0.001602 seconds 
  Import took 0.004505 seconds .

========================================================================
Received Import Request.
  Time since last request: 16.020903 seconds.
  path: Assets/roadGen.cs
  artifactKey: Guid(a80bc70021dff4d458d411df6ef6db1d) Importer(815301076,1909f56bfc062723c751e8b465ee728b)
Start importing Assets/roadGen.cs using Guid(a80bc70021dff4d458d411df6ef6db1d) Importer(815301076,1909f56bfc062723c751e8b465ee728b)  -> (artifact id: 'e5b14a423bc1c0b59c92504f5d46b352') in 0.002175 seconds 
  Import took 0.004914 seconds .

========================================================================
Received Import Request.
  Time since last request: 0.001112 seconds.
  path: Assets/roadGen.cs
  artifactKey: Guid(a80bc70021dff4d458d411df6ef6db1d) Importer(815301076,1909f56bfc062723c751e8b465ee728b)
Start importing Assets/roadGen.cs using Guid(a80bc70021dff4d458d411df6ef6db1d) Importer(815301076,1909f56bfc062723c751e8b465ee728b)  -> (artifact id: 'e5b14a423bc1c0b59c92504f5d46b352') in 0.001435 seconds 
  Import took 0.003572 seconds .

========================================================================
Received Import Request.
  Time since last request: 7.289642 seconds.
  path: Assets/roadGen.cs
  artifactKey: Guid(a80bc70021dff4d458d411df6ef6db1d) Importer(815301076,1909f56bfc062723c751e8b465ee728b)
Start importing Assets/roadGen.cs using Guid(a80bc70021dff4d458d411df6ef6db1d) Importer(815301076,1909f56bfc062723c751e8b465ee728b)  -> (artifact id: '89241335741d4d1ac806b4bfc6c1a83e') in 0.001524 seconds 
  Import took 0.004076 seconds .

========================================================================
Received Import Request.
  Time since last request: 10.322566 seconds.
  path: Assets/roadGen.cs
  artifactKey: Guid(a80bc70021dff4d458d411df6ef6db1d) Importer(815301076,1909f56bfc062723c751e8b465ee728b)
Start importing Assets/roadGen.cs using Guid(a80bc70021dff4d458d411df6ef6db1d) Importer(815301076,1909f56bfc062723c751e8b465ee728b)  -> (artifact id: '7917abbf2cc85900d016e7f77e8a1db9') in 0.001486 seconds 
  Import took 0.004294 seconds .

========================================================================
Received Import Request.
  Time since last request: 13.028546 seconds.
  path: Assets/roadGen.cs
  artifactKey: Guid(a80bc70021dff4d458d411df6ef6db1d) Importer(815301076,1909f56bfc062723c751e8b465ee728b)
Start importing Assets/roadGen.cs using Guid(a80bc70021dff4d458d411df6ef6db1d) Importer(815301076,1909f56bfc062723c751e8b465ee728b)  -> (artifact id: '860779da46f4d856484f46133d7e58e3') in 0.001501 seconds 
  Import took 0.003832 seconds .

========================================================================
Received Import Request.
  Time since last request: 10.034101 seconds.
  path: Assets/roadGen.cs
  artifactKey: Guid(a80bc70021dff4d458d411df6ef6db1d) Importer(815301076,1909f56bfc062723c751e8b465ee728b)
Start importing Assets/roadGen.cs using Guid(a80bc70021dff4d458d411df6ef6db1d) Importer(815301076,1909f56bfc062723c751e8b465ee728b)  -> (artifact id: '872f4d6ba81279b771007f4313b0c0fc') in 0.001734 seconds 
  Import took 0.004151 seconds .

========================================================================
Received Import Request.
  Time since last request: 0.020474 seconds.
  path: Assets/roadGen.cs
  artifactKey: Guid(a80bc70021dff4d458d411df6ef6db1d) Importer(815301076,1909f56bfc062723c751e8b465ee728b)
Start importing Assets/roadGen.cs using Guid(a80bc70021dff4d458d411df6ef6db1d) Importer(815301076,1909f56bfc062723c751e8b465ee728b)  -> (artifact id: '872f4d6ba81279b771007f4313b0c0fc') in 0.001645 seconds 
  Import took 0.004201 seconds .

========================================================================
Received Prepare
Registering precompiled user dll's ...
Registered in 0.005158 seconds.
Begin MonoManager ReloadAssembly
Native extension for WindowsStandalone target not found
Refreshing native plugins compatible for Editor in 0.55 ms, found 2 plugins.
Preloading 0 native plugins for Editor in 0.00 ms.
Mono: successfully reloaded assembly
- Completed reload, in  0.831 seconds
Domain Reload Profiling:
	ReloadAssembly (831ms)
		BeginReloadAssembly (95ms)
			ExecutionOrderSort (0ms)
			DisableScriptedObjects (5ms)
			BackupInstance (0ms)
			ReleaseScriptingObjects (0ms)
			CreateAndSetChildDomain (27ms)
		EndReloadAssembly (688ms)
			LoadAssemblies (70ms)
			RebuildTransferFunctionScriptingTraits (0ms)
			SetupTypeCache (208ms)
			ReleaseScriptCaches (1ms)
			RebuildScriptCaches (29ms)
			SetupLoadedEditorAssemblies (307ms)
				LogAssemblyErrors (0ms)
				InitializePlatformSupportModulesInManaged (4ms)
				SetLoadedEditorAssemblies (0ms)
				RefreshPlugins (1ms)
				BeforeProcessingInitializeOnLoad (63ms)
				ProcessInitializeOnLoadAttributes (208ms)
				ProcessInitializeOnLoadMethodAttributes (26ms)
				AfterProcessingInitializeOnLoad (5ms)
				EditorAssembliesLoaded (0ms)
			ExecutionOrderSort2 (0ms)
			AwakeInstancesAfterBackupRestoration (5ms)
Platform modules already initialized, skipping
Refreshing native plugins compatible for Editor in 0.53 ms, found 2 plugins.
Preloading 0 native plugins for Editor in 0.00 ms.
Unloading 2124 Unused Serialized files (Serialized files now loaded: 0)
System memory in use before: 86.1 MB.
System memory in use after: 86.2 MB.

Unloading 53 unused Assets to reduce memory usage. Loaded Objects now: 2542.
Total: 4.344700 ms (FindLiveObjects: 0.168700 ms CreateObjectMapping: 0.069100 ms MarkObjects: 4.083400 ms  DeleteObjects: 0.023000 ms)

AssetImportParameters requested are different than current active one (requested -> active):
  custom:framework-win-MediaFoundation: 216162199b28c13a410421893ffa2e32 -> 
  custom:video-decoder-ogg-theora: a1e56fd34408186e4bbccfd4996cb3dc -> 
  custom:container-muxer-webm: aa71ff27fc2769a1b78a27578f13a17b -> 
  custom:container-demuxer-webm: 4f35f7cbe854078d1ac9338744f61a02 -> 
  custom:container-demuxer-ogg: 62fdf1f143b41e24485cea50d1cbac27 -> 
  custom:video-encoder-webm-vp8: eb34c28f22e8b96e1ab97ce403110664 -> 
  custom:video-decoder-webm-vp8: 9c59270c3fd7afecdb556c50c9e8de78 -> 
  custom:audio-decoder-ogg-vorbis: bf7c407c2cedff20999df2af8eb42d56 -> 
  custom:audio-encoder-webm-vorbis: bf7c407c2cedff20999df2af8eb42d56 -> 
========================================================================
Received Prepare
Registering precompiled user dll's ...
Registered in 0.005115 seconds.
Begin MonoManager ReloadAssembly
Native extension for WindowsStandalone target not found
Refreshing native plugins compatible for Editor in 0.55 ms, found 2 plugins.
Preloading 0 native plugins for Editor in 0.00 ms.
Mono: successfully reloaded assembly
- Completed reload, in  0.814 seconds
Domain Reload Profiling:
	ReloadAssembly (815ms)
		BeginReloadAssembly (90ms)
			ExecutionOrderSort (0ms)
			DisableScriptedObjects (5ms)
			BackupInstance (0ms)
			ReleaseScriptingObjects (0ms)
			CreateAndSetChildDomain (25ms)
		EndReloadAssembly (678ms)
			LoadAssemblies (68ms)
			RebuildTransferFunctionScriptingTraits (0ms)
			SetupTypeCache (200ms)
			ReleaseScriptCaches (1ms)
			RebuildScriptCaches (29ms)
			SetupLoadedEditorAssemblies (308ms)
				LogAssemblyErrors (0ms)
				InitializePlatformSupportModulesInManaged (4ms)
				SetLoadedEditorAssemblies (0ms)
				RefreshPlugins (1ms)
				BeforeProcessingInitializeOnLoad (63ms)
				ProcessInitializeOnLoadAttributes (208ms)
				ProcessInitializeOnLoadMethodAttributes (27ms)
				AfterProcessingInitializeOnLoad (5ms)
				EditorAssembliesLoaded (0ms)
			ExecutionOrderSort2 (0ms)
			AwakeInstancesAfterBackupRestoration (5ms)
Platform modules already initialized, skipping
Refreshing native plugins compatible for Editor in 0.56 ms, found 2 plugins.
Preloading 0 native plugins for Editor in 0.00 ms.
Unloading 2124 Unused Serialized files (Serialized files now loaded: 0)
System memory in use before: 86.1 MB.
System memory in use after: 86.2 MB.

Unloading 53 unused Assets to reduce memory usage. Loaded Objects now: 2544.
Total: 4.243900 ms (FindLiveObjects: 0.160200 ms CreateObjectMapping: 0.064600 ms MarkObjects: 3.996500 ms  DeleteObjects: 0.020000 ms)

AssetImportParameters requested are different than current active one (requested -> active):
  custom:framework-win-MediaFoundation: 216162199b28c13a410421893ffa2e32 -> 
  custom:video-decoder-ogg-theora: a1e56fd34408186e4bbccfd4996cb3dc -> 
  custom:container-muxer-webm: aa71ff27fc2769a1b78a27578f13a17b -> 
  custom:container-demuxer-webm: 4f35f7cbe854078d1ac9338744f61a02 -> 
  custom:container-demuxer-ogg: 62fdf1f143b41e24485cea50d1cbac27 -> 
  custom:video-encoder-webm-vp8: eb34c28f22e8b96e1ab97ce403110664 -> 
  custom:video-decoder-webm-vp8: 9c59270c3fd7afecdb556c50c9e8de78 -> 
  custom:audio-decoder-ogg-vorbis: bf7c407c2cedff20999df2af8eb42d56 -> 
  custom:audio-encoder-webm-vorbis: bf7c407c2cedff20999df2af8eb42d56 -> 
========================================================================
Received Import Request.
  Time since last request: 300.010200 seconds.
  path: Assets/roadGen.cs
  artifactKey: Guid(a80bc70021dff4d458d411df6ef6db1d) Importer(815301076,1909f56bfc062723c751e8b465ee728b)
Start importing Assets/roadGen.cs using Guid(a80bc70021dff4d458d411df6ef6db1d) Importer(815301076,1909f56bfc062723c751e8b465ee728b)  -> (artifact id: '695c5d5ba18b85f30fd2cd5c7190d2a6') in 0.004453 seconds 
  Import took 0.006828 seconds .

========================================================================
Received Import Request.
  Time since last request: 0.020498 seconds.
  path: Assets/roadGen.cs
  artifactKey: Guid(a80bc70021dff4d458d411df6ef6db1d) Importer(815301076,1909f56bfc062723c751e8b465ee728b)
Start importing Assets/roadGen.cs using Guid(a80bc70021dff4d458d411df6ef6db1d) Importer(815301076,1909f56bfc062723c751e8b465ee728b)  -> (artifact id: '695c5d5ba18b85f30fd2cd5c7190d2a6') in 0.001751 seconds 
  Import took 0.004225 seconds .

========================================================================
Received Import Request.
  Time since last request: 3.111919 seconds.
  path: Assets/roadGen.cs
  artifactKey: Guid(a80bc70021dff4d458d411df6ef6db1d) Importer(815301076,1909f56bfc062723c751e8b465ee728b)
Start importing Assets/roadGen.cs using Guid(a80bc70021dff4d458d411df6ef6db1d) Importer(815301076,1909f56bfc062723c751e8b465ee728b)  -> (artifact id: '1f4d640ee248f0cd9ee74f2cab9f3ba5') in 0.001652 seconds 
  Import took 0.004395 seconds .

========================================================================
Received Import Request.
  Time since last request: 0.002758 seconds.
  path: Assets/roadGen.cs
  artifactKey: Guid(a80bc70021dff4d458d411df6ef6db1d) Importer(815301076,1909f56bfc062723c751e8b465ee728b)
Start importing Assets/roadGen.cs using Guid(a80bc70021dff4d458d411df6ef6db1d) Importer(815301076,1909f56bfc062723c751e8b465ee728b)  -> (artifact id: '1f4d640ee248f0cd9ee74f2cab9f3ba5') in 0.001559 seconds 
  Import took 0.003876 seconds .

========================================================================
Received Prepare
Registering precompiled user dll's ...
Registered in 0.005152 seconds.
Begin MonoManager ReloadAssembly
Native extension for WindowsStandalone target not found
Refreshing native plugins compatible for Editor in 0.55 ms, found 2 plugins.
Preloading 0 native plugins for Editor in 0.00 ms.
Mono: successfully reloaded assembly
- Completed reload, in  0.821 seconds
Domain Reload Profiling:
	ReloadAssembly (821ms)
		BeginReloadAssembly (88ms)
			ExecutionOrderSort (0ms)
			DisableScriptedObjects (5ms)
			BackupInstance (0ms)
			ReleaseScriptingObjects (0ms)
			CreateAndSetChildDomain (24ms)
		EndReloadAssembly (683ms)
			LoadAssemblies (68ms)
			RebuildTransferFunctionScriptingTraits (0ms)
			SetupTypeCache (202ms)
			ReleaseScriptCaches (1ms)
			RebuildScriptCaches (28ms)
			SetupLoadedEditorAssemblies (310ms)
				LogAssemblyErrors (0ms)
				InitializePlatformSupportModulesInManaged (4ms)
				SetLoadedEditorAssemblies (0ms)
				RefreshPlugins (1ms)
				BeforeProcessingInitializeOnLoad (64ms)
				ProcessInitializeOnLoadAttributes (210ms)
				ProcessInitializeOnLoadMethodAttributes (26ms)
				AfterProcessingInitializeOnLoad (5ms)
				EditorAssembliesLoaded (0ms)
			ExecutionOrderSort2 (0ms)
			AwakeInstancesAfterBackupRestoration (5ms)
Platform modules already initialized, skipping
Refreshing native plugins compatible for Editor in 0.60 ms, found 2 plugins.
Preloading 0 native plugins for Editor in 0.00 ms.
Unloading 2124 Unused Serialized files (Serialized files now loaded: 0)
System memory in use before: 86.1 MB.
System memory in use after: 86.2 MB.

Unloading 53 unused Assets to reduce memory usage. Loaded Objects now: 2546.
Total: 4.182900 ms (FindLiveObjects: 0.160500 ms CreateObjectMapping: 0.065800 ms MarkObjects: 3.937200 ms  DeleteObjects: 0.018700 ms)

AssetImportParameters requested are different than current active one (requested -> active):
  custom:framework-win-MediaFoundation: 216162199b28c13a410421893ffa2e32 -> 
  custom:video-decoder-ogg-theora: a1e56fd34408186e4bbccfd4996cb3dc -> 
  custom:container-muxer-webm: aa71ff27fc2769a1b78a27578f13a17b -> 
  custom:container-demuxer-webm: 4f35f7cbe854078d1ac9338744f61a02 -> 
  custom:container-demuxer-ogg: 62fdf1f143b41e24485cea50d1cbac27 -> 
  custom:video-encoder-webm-vp8: eb34c28f22e8b96e1ab97ce403110664 -> 
  custom:video-decoder-webm-vp8: 9c59270c3fd7afecdb556c50c9e8de78 -> 
  custom:audio-decoder-ogg-vorbis: bf7c407c2cedff20999df2af8eb42d56 -> 
  custom:audio-encoder-webm-vorbis: bf7c407c2cedff20999df2af8eb42d56 -> 
========================================================================
Received Prepare
Registering precompiled user dll's ...
Registered in 0.005174 seconds.
Begin MonoManager ReloadAssembly
Native extension for WindowsStandalone target not found
Refreshing native plugins compatible for Editor in 0.56 ms, found 2 plugins.
Preloading 0 native plugins for Editor in 0.00 ms.
Mono: successfully reloaded assembly
- Completed reload, in  0.821 seconds
Domain Reload Profiling:
	ReloadAssembly (821ms)
		BeginReloadAssembly (92ms)
			ExecutionOrderSort (0ms)
			DisableScriptedObjects (4ms)
			BackupInstance (0ms)
			ReleaseScriptingObjects (0ms)
			CreateAndSetChildDomain (23ms)
		EndReloadAssembly (682ms)
			LoadAssemblies (68ms)
			RebuildTransferFunctionScriptingTraits (0ms)
			SetupTypeCache (200ms)
			ReleaseScriptCaches (1ms)
			RebuildScriptCaches (28ms)
			SetupLoadedEditorAssemblies (311ms)
				LogAssemblyErrors (0ms)
				InitializePlatformSupportModulesInManaged (4ms)
				SetLoadedEditorAssemblies (0ms)
				RefreshPlugins (1ms)
				BeforeProcessingInitializeOnLoad (63ms)
				ProcessInitializeOnLoadAttributes (212ms)
				ProcessInitializeOnLoadMethodAttributes (26ms)
				AfterProcessingInitializeOnLoad (5ms)
				EditorAssembliesLoaded (0ms)
			ExecutionOrderSort2 (0ms)
			AwakeInstancesAfterBackupRestoration (5ms)
Platform modules already initialized, skipping
Refreshing native plugins compatible for Editor in 0.56 ms, found 2 plugins.
Preloading 0 native plugins for Editor in 0.00 ms.
Unloading 2124 Unused Serialized files (Serialized files now loaded: 0)
System memory in use before: 86.1 MB.
System memory in use after: 86.2 MB.

Unloading 53 unused Assets to reduce memory usage. Loaded Objects now: 2548.
Total: 4.168100 ms (FindLiveObjects: 0.152800 ms CreateObjectMapping: 0.068100 ms MarkObjects: 3.928200 ms  DeleteObjects: 0.018300 ms)

AssetImportParameters requested are different than current active one (requested -> active):
  custom:framework-win-MediaFoundation: 216162199b28c13a410421893ffa2e32 -> 
  custom:video-decoder-ogg-theora: a1e56fd34408186e4bbccfd4996cb3dc -> 
  custom:container-muxer-webm: aa71ff27fc2769a1b78a27578f13a17b -> 
  custom:container-demuxer-webm: 4f35f7cbe854078d1ac9338744f61a02 -> 
  custom:container-demuxer-ogg: 62fdf1f143b41e24485cea50d1cbac27 -> 
  custom:video-encoder-webm-vp8: eb34c28f22e8b96e1ab97ce403110664 -> 
  custom:video-decoder-webm-vp8: 9c59270c3fd7afecdb556c50c9e8de78 -> 
  custom:audio-decoder-ogg-vorbis: bf7c407c2cedff20999df2af8eb42d56 -> 
  custom:audio-encoder-webm-vorbis: bf7c407c2cedff20999df2af8eb42d56 -> 
========================================================================
Received Prepare
Registering precompiled user dll's ...
Registered in 0.005121 seconds.
Begin MonoManager ReloadAssembly
Native extension for WindowsStandalone target not found
Refreshing native plugins compatible for Editor in 0.55 ms, found 2 plugins.
Preloading 0 native plugins for Editor in 0.00 ms.
Mono: successfully reloaded assembly
- Completed reload, in  0.816 seconds
Domain Reload Profiling:
	ReloadAssembly (816ms)
		BeginReloadAssembly (90ms)
			ExecutionOrderSort (0ms)
			DisableScriptedObjects (4ms)
			BackupInstance (0ms)
			ReleaseScriptingObjects (0ms)
			CreateAndSetChildDomain (24ms)
		EndReloadAssembly (680ms)
			LoadAssemblies (68ms)
			RebuildTransferFunctionScriptingTraits (0ms)
			SetupTypeCache (202ms)
			ReleaseScriptCaches (1ms)
			RebuildScriptCaches (28ms)
			SetupLoadedEditorAssemblies (306ms)
				LogAssemblyErrors (0ms)
				InitializePlatformSupportModulesInManaged (4ms)
				SetLoadedEditorAssemblies (0ms)
				RefreshPlugins (1ms)
				BeforeProcessingInitializeOnLoad (63ms)
				ProcessInitializeOnLoadAttributes (207ms)
				ProcessInitializeOnLoadMethodAttributes (26ms)
				AfterProcessingInitializeOnLoad (5ms)
				EditorAssembliesLoaded (0ms)
			ExecutionOrderSort2 (0ms)
			AwakeInstancesAfterBackupRestoration (5ms)
Platform modules already initialized, skipping
Refreshing native plugins compatible for Editor in 0.56 ms, found 2 plugins.
Preloading 0 native plugins for Editor in 0.00 ms.
Unloading 2124 Unused Serialized files (Serialized files now loaded: 0)
System memory in use before: 86.1 MB.
System memory in use after: 86.2 MB.

Unloading 53 unused Assets to reduce memory usage. Loaded Objects now: 2550.
Total: 4.424200 ms (FindLiveObjects: 0.197200 ms CreateObjectMapping: 0.072100 ms MarkObjects: 4.131400 ms  DeleteObjects: 0.022700 ms)

AssetImportParameters requested are different than current active one (requested -> active):
  custom:framework-win-MediaFoundation: 216162199b28c13a410421893ffa2e32 -> 
  custom:video-decoder-ogg-theora: a1e56fd34408186e4bbccfd4996cb3dc -> 
  custom:container-muxer-webm: aa71ff27fc2769a1b78a27578f13a17b -> 
  custom:container-demuxer-webm: 4f35f7cbe854078d1ac9338744f61a02 -> 
  custom:container-demuxer-ogg: 62fdf1f143b41e24485cea50d1cbac27 -> 
  custom:video-encoder-webm-vp8: eb34c28f22e8b96e1ab97ce403110664 -> 
  custom:video-decoder-webm-vp8: 9c59270c3fd7afecdb556c50c9e8de78 -> 
  custom:audio-decoder-ogg-vorbis: bf7c407c2cedff20999df2af8eb42d56 -> 
  custom:audio-encoder-webm-vorbis: bf7c407c2cedff20999df2af8eb42d56 -> 
========================================================================
Received Prepare
Registering precompiled user dll's ...
Registered in 0.005193 seconds.
Begin MonoManager ReloadAssembly
Native extension for WindowsStandalone target not found
Refreshing native plugins compatible for Editor in 0.56 ms, found 2 plugins.
Preloading 0 native plugins for Editor in 0.00 ms.
Mono: successfully reloaded assembly
- Completed reload, in  0.819 seconds
Domain Reload Profiling:
	ReloadAssembly (820ms)
		BeginReloadAssembly (93ms)
			ExecutionOrderSort (0ms)
			DisableScriptedObjects (5ms)
			BackupInstance (0ms)
			ReleaseScriptingObjects (0ms)
			CreateAndSetChildDomain (26ms)
		EndReloadAssembly (679ms)
			LoadAssemblies (70ms)
			RebuildTransferFunctionScriptingTraits (0ms)
			SetupTypeCache (200ms)
			ReleaseScriptCaches (1ms)
			RebuildScriptCaches (28ms)
			SetupLoadedEditorAssemblies (306ms)
				LogAssemblyErrors (0ms)
				InitializePlatformSupportModulesInManaged (4ms)
				SetLoadedEditorAssemblies (0ms)
				RefreshPlugins (1ms)
				BeforeProcessingInitializeOnLoad (63ms)
				ProcessInitializeOnLoadAttributes (207ms)
				ProcessInitializeOnLoadMethodAttributes (26ms)
				AfterProcessingInitializeOnLoad (5ms)
				EditorAssembliesLoaded (0ms)
			ExecutionOrderSort2 (0ms)
			AwakeInstancesAfterBackupRestoration (5ms)
Platform modules already initialized, skipping
Refreshing native plugins compatible for Editor in 0.52 ms, found 2 plugins.
Preloading 0 native plugins for Editor in 0.00 ms.
Unloading 2124 Unused Serialized files (Serialized files now loaded: 0)
System memory in use before: 86.1 MB.
System memory in use after: 86.2 MB.

Unloading 53 unused Assets to reduce memory usage. Loaded Objects now: 2552.
Total: 4.371300 ms (FindLiveObjects: 0.153300 ms CreateObjectMapping: 0.064300 ms MarkObjects: 4.135000 ms  DeleteObjects: 0.018000 ms)

AssetImportParameters requested are different than current active one (requested -> active):
  custom:framework-win-MediaFoundation: 216162199b28c13a410421893ffa2e32 -> 
  custom:video-decoder-ogg-theora: a1e56fd34408186e4bbccfd4996cb3dc -> 
  custom:container-muxer-webm: aa71ff27fc2769a1b78a27578f13a17b -> 
  custom:container-demuxer-webm: 4f35f7cbe854078d1ac9338744f61a02 -> 
  custom:container-demuxer-ogg: 62fdf1f143b41e24485cea50d1cbac27 -> 
  custom:video-encoder-webm-vp8: eb34c28f22e8b96e1ab97ce403110664 -> 
  custom:video-decoder-webm-vp8: 9c59270c3fd7afecdb556c50c9e8de78 -> 
  custom:audio-decoder-ogg-vorbis: bf7c407c2cedff20999df2af8eb42d56 -> 
  custom:audio-encoder-webm-vorbis: bf7c407c2cedff20999df2af8eb42d56 -> 
========================================================================
Received Prepare
Registering precompiled user dll's ...
Registered in 0.005029 seconds.
Begin MonoManager ReloadAssembly
Native extension for WindowsStandalone target not found
Refreshing native plugins compatible for Editor in 0.57 ms, found 2 plugins.
Preloading 0 native plugins for Editor in 0.00 ms.
Mono: successfully reloaded assembly
- Completed reload, in  0.817 seconds
Domain Reload Profiling:
	ReloadAssembly (817ms)
		BeginReloadAssembly (83ms)
			ExecutionOrderSort (0ms)
			DisableScriptedObjects (4ms)
			BackupInstance (0ms)
			ReleaseScriptingObjects (0ms)
			CreateAndSetChildDomain (23ms)
		EndReloadAssembly (686ms)
			LoadAssemblies (70ms)
			RebuildTransferFunctionScriptingTraits (0ms)
			SetupTypeCache (207ms)
			ReleaseScriptCaches (1ms)
			RebuildScriptCaches (29ms)
			SetupLoadedEditorAssemblies (306ms)
				LogAssemblyErrors (0ms)
				InitializePlatformSupportModulesInManaged (4ms)
				SetLoadedEditorAssemblies (0ms)
				RefreshPlugins (1ms)
				BeforeProcessingInitializeOnLoad (63ms)
				ProcessInitializeOnLoadAttributes (207ms)
				ProcessInitializeOnLoadMethodAttributes (26ms)
				AfterProcessingInitializeOnLoad (5ms)
				EditorAssembliesLoaded (0ms)
			ExecutionOrderSort2 (0ms)
			AwakeInstancesAfterBackupRestoration (5ms)
Platform modules already initialized, skipping
Refreshing native plugins compatible for Editor in 0.62 ms, found 2 plugins.
Preloading 0 native plugins for Editor in 0.00 ms.
Unloading 2124 Unused Serialized files (Serialized files now loaded: 0)
System memory in use before: 86.1 MB.
System memory in use after: 86.2 MB.

Unloading 53 unused Assets to reduce memory usage. Loaded Objects now: 2554.
Total: 4.183400 ms (FindLiveObjects: 0.157200 ms CreateObjectMapping: 0.070600 ms MarkObjects: 3.937400 ms  DeleteObjects: 0.017600 ms)

AssetImportParameters requested are different than current active one (requested -> active):
  custom:framework-win-MediaFoundation: 216162199b28c13a410421893ffa2e32 -> 
  custom:video-decoder-ogg-theora: a1e56fd34408186e4bbccfd4996cb3dc -> 
  custom:container-muxer-webm: aa71ff27fc2769a1b78a27578f13a17b -> 
  custom:container-demuxer-webm: 4f35f7cbe854078d1ac9338744f61a02 -> 
  custom:container-demuxer-ogg: 62fdf1f143b41e24485cea50d1cbac27 -> 
  custom:video-encoder-webm-vp8: eb34c28f22e8b96e1ab97ce403110664 -> 
  custom:video-decoder-webm-vp8: 9c59270c3fd7afecdb556c50c9e8de78 -> 
  custom:audio-decoder-ogg-vorbis: bf7c407c2cedff20999df2af8eb42d56 -> 
  custom:audio-encoder-webm-vorbis: bf7c407c2cedff20999df2af8eb42d56 -> 
========================================================================
Received Prepare
Registering precompiled user dll's ...
Registered in 0.005166 seconds.
Begin MonoManager ReloadAssembly
Native extension for WindowsStandalone target not found
Refreshing native plugins compatible for Editor in 0.55 ms, found 2 plugins.
Preloading 0 native plugins for Editor in 0.00 ms.
Mono: successfully reloaded assembly
- Completed reload, in  0.818 seconds
Domain Reload Profiling:
	ReloadAssembly (818ms)
		BeginReloadAssembly (87ms)
			ExecutionOrderSort (0ms)
			DisableScriptedObjects (4ms)
			BackupInstance (0ms)
			ReleaseScriptingObjects (0ms)
			CreateAndSetChildDomain (24ms)
		EndReloadAssembly (683ms)
			LoadAssemblies (69ms)
			RebuildTransferFunctionScriptingTraits (0ms)
			SetupTypeCache (201ms)
			ReleaseScriptCaches (1ms)
			RebuildScriptCaches (29ms)
			SetupLoadedEditorAssemblies (308ms)
				LogAssemblyErrors (0ms)
				InitializePlatformSupportModulesInManaged (4ms)
				SetLoadedEditorAssemblies (0ms)
				RefreshPlugins (1ms)
				BeforeProcessingInitializeOnLoad (63ms)
				ProcessInitializeOnLoadAttributes (209ms)
				ProcessInitializeOnLoadMethodAttributes (26ms)
				AfterProcessingInitializeOnLoad (5ms)
				EditorAssembliesLoaded (0ms)
			ExecutionOrderSort2 (0ms)
			AwakeInstancesAfterBackupRestoration (5ms)
Platform modules already initialized, skipping
Refreshing native plugins compatible for Editor in 0.55 ms, found 2 plugins.
Preloading 0 native plugins for Editor in 0.00 ms.
Unloading 2124 Unused Serialized files (Serialized files now loaded: 0)
System memory in use before: 86.1 MB.
System memory in use after: 86.3 MB.

Unloading 53 unused Assets to reduce memory usage. Loaded Objects now: 2556.
Total: 4.221500 ms (FindLiveObjects: 0.158200 ms CreateObjectMapping: 0.065000 ms MarkObjects: 3.978800 ms  DeleteObjects: 0.018900 ms)

AssetImportParameters requested are different than current active one (requested -> active):
  custom:framework-win-MediaFoundation: 216162199b28c13a410421893ffa2e32 -> 
  custom:video-decoder-ogg-theora: a1e56fd34408186e4bbccfd4996cb3dc -> 
  custom:container-muxer-webm: aa71ff27fc2769a1b78a27578f13a17b -> 
  custom:container-demuxer-webm: 4f35f7cbe854078d1ac9338744f61a02 -> 
  custom:container-demuxer-ogg: 62fdf1f143b41e24485cea50d1cbac27 -> 
  custom:video-encoder-webm-vp8: eb34c28f22e8b96e1ab97ce403110664 -> 
  custom:video-decoder-webm-vp8: 9c59270c3fd7afecdb556c50c9e8de78 -> 
  custom:audio-decoder-ogg-vorbis: bf7c407c2cedff20999df2af8eb42d56 -> 
  custom:audio-encoder-webm-vorbis: bf7c407c2cedff20999df2af8eb42d56 -> 
========================================================================
Received Prepare
Registering precompiled user dll's ...
Registered in 0.005146 seconds.
Begin MonoManager ReloadAssembly
Native extension for WindowsStandalone target not found
Refreshing native plugins compatible for Editor in 0.54 ms, found 2 plugins.
Preloading 0 native plugins for Editor in 0.00 ms.
Mono: successfully reloaded assembly
- Completed reload, in  0.818 seconds
Domain Reload Profiling:
	ReloadAssembly (819ms)
		BeginReloadAssembly (82ms)
			ExecutionOrderSort (0ms)
			DisableScriptedObjects (4ms)
			BackupInstance (0ms)
			ReleaseScriptingObjects (0ms)
			CreateAndSetChildDomain (23ms)
		EndReloadAssembly (688ms)
			LoadAssemblies (69ms)
			RebuildTransferFunctionScriptingTraits (0ms)
			SetupTypeCache (209ms)
			ReleaseScriptCaches (1ms)
			RebuildScriptCaches (29ms)
			SetupLoadedEditorAssemblies (307ms)
				LogAssemblyErrors (0ms)
				InitializePlatformSupportModulesInManaged (4ms)
				SetLoadedEditorAssemblies (0ms)
				RefreshPlugins (1ms)
				BeforeProcessingInitializeOnLoad (62ms)
				ProcessInitializeOnLoadAttributes (208ms)
				ProcessInitializeOnLoadMethodAttributes (27ms)
				AfterProcessingInitializeOnLoad (5ms)
				EditorAssembliesLoaded (0ms)
			ExecutionOrderSort2 (0ms)
			AwakeInstancesAfterBackupRestoration (5ms)
Platform modules already initialized, skipping
Refreshing native plugins compatible for Editor in 0.55 ms, found 2 plugins.
Preloading 0 native plugins for Editor in 0.00 ms.
Unloading 2124 Unused Serialized files (Serialized files now loaded: 0)
System memory in use before: 86.1 MB.
System memory in use after: 86.3 MB.

Unloading 53 unused Assets to reduce memory usage. Loaded Objects now: 2558.
Total: 4.343300 ms (FindLiveObjects: 0.158400 ms CreateObjectMapping: 0.064400 ms MarkObjects: 4.099700 ms  DeleteObjects: 0.020000 ms)

AssetImportParameters requested are different than current active one (requested -> active):
  custom:framework-win-MediaFoundation: 216162199b28c13a410421893ffa2e32 -> 
  custom:video-decoder-ogg-theora: a1e56fd34408186e4bbccfd4996cb3dc -> 
  custom:container-muxer-webm: aa71ff27fc2769a1b78a27578f13a17b -> 
  custom:container-demuxer-webm: 4f35f7cbe854078d1ac9338744f61a02 -> 
  custom:container-demuxer-ogg: 62fdf1f143b41e24485cea50d1cbac27 -> 
  custom:video-encoder-webm-vp8: eb34c28f22e8b96e1ab97ce403110664 -> 
  custom:video-decoder-webm-vp8: 9c59270c3fd7afecdb556c50c9e8de78 -> 
  custom:audio-decoder-ogg-vorbis: bf7c407c2cedff20999df2af8eb42d56 -> 
  custom:audio-encoder-webm-vorbis: bf7c407c2cedff20999df2af8eb42d56 -> 
========================================================================
Received Prepare
Registering precompiled user dll's ...
Registered in 0.005005 seconds.
Begin MonoManager ReloadAssembly
Native extension for WindowsStandalone target not found
Refreshing native plugins compatible for Editor in 0.55 ms, found 2 plugins.
Preloading 0 native plugins for Editor in 0.00 ms.
Mono: successfully reloaded assembly
- Completed reload, in  0.815 seconds
Domain Reload Profiling:
	ReloadAssembly (815ms)
		BeginReloadAssembly (92ms)
			ExecutionOrderSort (0ms)
			DisableScriptedObjects (4ms)
			BackupInstance (0ms)
			ReleaseScriptingObjects (0ms)
			CreateAndSetChildDomain (24ms)
		EndReloadAssembly (676ms)
			LoadAssemblies (67ms)
			RebuildTransferFunctionScriptingTraits (0ms)
			SetupTypeCache (201ms)
			ReleaseScriptCaches (1ms)
			RebuildScriptCaches (29ms)
			SetupLoadedEditorAssemblies (304ms)
				LogAssemblyErrors (0ms)
				InitializePlatformSupportModulesInManaged (4ms)
				SetLoadedEditorAssemblies (0ms)
				RefreshPlugins (1ms)
				BeforeProcessingInitializeOnLoad (63ms)
				ProcessInitializeOnLoadAttributes (204ms)
				ProcessInitializeOnLoadMethodAttributes (27ms)
				AfterProcessingInitializeOnLoad (5ms)
				EditorAssembliesLoaded (0ms)
			ExecutionOrderSort2 (0ms)
			AwakeInstancesAfterBackupRestoration (5ms)
Platform modules already initialized, skipping
Refreshing native plugins compatible for Editor in 0.54 ms, found 2 plugins.
Preloading 0 native plugins for Editor in 0.00 ms.
Unloading 2124 Unused Serialized files (Serialized files now loaded: 0)
System memory in use before: 86.1 MB.
System memory in use after: 86.3 MB.

Unloading 53 unused Assets to reduce memory usage. Loaded Objects now: 2560.
Total: 4.708400 ms (FindLiveObjects: 0.156300 ms CreateObjectMapping: 0.071500 ms MarkObjects: 4.462200 ms  DeleteObjects: 0.017900 ms)

AssetImportParameters requested are different than current active one (requested -> active):
  custom:framework-win-MediaFoundation: 216162199b28c13a410421893ffa2e32 -> 
  custom:video-decoder-ogg-theora: a1e56fd34408186e4bbccfd4996cb3dc -> 
  custom:container-muxer-webm: aa71ff27fc2769a1b78a27578f13a17b -> 
  custom:container-demuxer-webm: 4f35f7cbe854078d1ac9338744f61a02 -> 
  custom:container-demuxer-ogg: 62fdf1f143b41e24485cea50d1cbac27 -> 
  custom:video-encoder-webm-vp8: eb34c28f22e8b96e1ab97ce403110664 -> 
  custom:video-decoder-webm-vp8: 9c59270c3fd7afecdb556c50c9e8de78 -> 
  custom:audio-decoder-ogg-vorbis: bf7c407c2cedff20999df2af8eb42d56 -> 
  custom:audio-encoder-webm-vorbis: bf7c407c2cedff20999df2af8eb42d56 -> 
